This is XeTeX, Version 3.141592653-2.6-0.999995 (TeX Live 2023) (preloaded format=xelatex 2023.4.13)  2 MAY 2023 12:15
entering extended mode
 restricted \write18 enabled.
 %&-line parsing enabled.
**Class-8-mini-project.tex
(./Class-8-mini-project.tex
LaTeX2e <2022-11-01> patch level 1
L3 programming layer <2023-03-30>

! LaTeX Error: File `scrartcl.cls' not found.

Type X to quit or <RETURN> to proceed,
or enter new name. (Default extension: cls)

Enter file name: 
! Emergency stop.
<read *> 
         
l.10 ^^M
         
Here is how much of TeX's memory you used:
 31 strings out of 478674
 603 string characters out of 5847867
 1842296 words of memory out of 5000000
 20252 multiletter control sequences out of 15000+600000
 512287 words of font info for 32 fonts, out of 8000000 for 9000
 14 hyphenation exceptions out of 8191
 19i,0n,29p,118b,17s stack positions out of 10000i,1000n,20000p,200000b,200000s

No pages of output.
